2025-09-09 23:26:54,624 [Worker-4: Loading available Gradle versions] INFO  o.e.b.c.i.u.g.PublishedGradleVersions - Gradle version information cache is not available. Remote download required.
2025-09-09 23:27:21,092 [Worker-17: Building] INFO  o.e.m.c.i.l.LifecycleMappingFactory - Using org.eclipse.m2e.jdt.JarLifecycleMapping lifecycle mapping for MavenProject: com.testautomation:nopcommerce-ui-automation:1.0.0 @ C:\Users\anant\OneDrive\Documents\nopcommerce\nopcommerce\pom.xml.
2025-09-09 23:27:23,894 [Worker-17: Building] INFO  o.a.m.s.f.DefaultMavenResourcesFiltering - skip non existing resourceDirectory C:\Users\anant\OneDrive\Documents\nopcommerce\nopcommerce\src\main\resources
2025-09-09 23:27:23,915 [Worker-17: Building] INFO  o.a.m.s.f.DefaultMavenResourcesFiltering - Copying 7 resources from src\test\resources to target\test-classes
2025-09-09 23:27:26,860 [Worker-13: Building] INFO  o.a.m.s.f.DefaultMavenResourcesFiltering - skip non existing resourceDirectory C:\Users\anant\OneDrive\Documents\nopcommerce\nopcommerce\src\main\resources
2025-09-09 23:27:26,874 [Worker-13: Building] INFO  o.a.m.s.f.DefaultMavenResourcesFiltering - Copying 7 resources from src\test\resources to target\test-classes
2025-09-09 23:37:34,717 [main] INFO  o.e.m2e.actions.ExecutePomAction - Creating new launch configuration
2025-09-09 23:37:38,541 [Worker-21: Launching nopcommerce] INFO  o.eclipse.m2e.core.internal.Bundles - getClasspathEntries(Bundle=org.eclipse.m2e.maven.runtime_3.9.900.20250220-2013 [299])
2025-09-09 23:37:38,545 [Worker-21: Launching nopcommerce] INFO  o.eclipse.m2e.core.internal.Bundles - 	Entry: C:\Users\anant\.p2\pool\plugins\org.eclipse.m2e.maven.runtime_3.9.900.20250220-2013
2025-09-09 23:37:38,546 [Worker-21: Launching nopcommerce] INFO  o.eclipse.m2e.core.internal.Bundles - 	Entry: C:\Users\anant\.p2\pool\plugins\org.eclipse.m2e.maven.runtime_3.9.900.20250220-2013\jars\aopalliance-1.0.jar
2025-09-09 23:37:38,546 [Worker-21: Launching nopcommerce] INFO  o.eclipse.m2e.core.internal.Bundles - 	Entry: C:\Users\anant\.p2\pool\plugins\org.eclipse.m2e.maven.runtime_3.9.900.20250220-2013\jars\guice-5.1.0.jar
2025-09-09 23:37:38,546 [Worker-21: Launching nopcommerce] INFO  o.eclipse.m2e.core.internal.Bundles - 	Entry: C:\Users\anant\.p2\pool\plugins\org.eclipse.m2e.maven.runtime_3.9.900.20250220-2013\jars\httpclient-4.5.14.jar
2025-09-09 23:37:38,546 [Worker-21: Launching nopcommerce] INFO  o.eclipse.m2e.core.internal.Bundles - 	Entry: C:\Users\anant\.p2\pool\plugins\org.eclipse.m2e.maven.runtime_3.9.900.20250220-2013\jars\httpcore-4.4.16.jar
2025-09-09 23:37:38,546 [Worker-21: Launching nopcommerce] INFO  o.eclipse.m2e.core.internal.Bundles - 	Entry: C:\Users\anant\.p2\pool\plugins\org.eclipse.m2e.maven.runtime_3.9.900.20250220-2013\jars\jansi-2.4.1.jar
2025-09-09 23:37:38,546 [Worker-21: Launching nopcommerce] INFO  o.eclipse.m2e.core.internal.Bundles - 	Entry: C:\Users\anant\.p2\pool\plugins\org.eclipse.m2e.maven.runtime_3.9.900.20250220-2013\jars\jcl-over-slf4j-1.7.36.jar
2025-09-09 23:37:38,546 [Worker-21: Launching nopcommerce] INFO  o.eclipse.m2e.core.internal.Bundles - 	Entry: C:\Users\anant\.p2\pool\plugins\org.eclipse.m2e.maven.runtime_3.9.900.20250220-2013\jars\maven-artifact-3.9.9.jar
2025-09-09 23:37:38,547 [Worker-21: Launching nopcommerce] INFO  o.eclipse.m2e.core.internal.Bundles - 	Entry: C:\Users\anant\.p2\pool\plugins\org.eclipse.m2e.maven.runtime_3.9.900.20250220-2013\jars\maven-builder-support-3.9.9.jar
2025-09-09 23:37:38,547 [Worker-21: Launching nopcommerce] INFO  o.eclipse.m2e.core.internal.Bundles - 	Entry: C:\Users\anant\.p2\pool\plugins\org.eclipse.m2e.maven.runtime_3.9.900.20250220-2013\jars\maven-compat-3.9.9.jar
2025-09-09 23:37:38,547 [Worker-21: Launching nopcommerce] INFO  o.eclipse.m2e.core.internal.Bundles - 	Entry: C:\Users\anant\.p2\pool\plugins\org.eclipse.m2e.maven.runtime_3.9.900.20250220-2013\jars\maven-core-3.9.9.jar
2025-09-09 23:37:38,547 [Worker-21: Launching nopcommerce] INFO  o.eclipse.m2e.core.internal.Bundles - 	Entry: C:\Users\anant\.p2\pool\plugins\org.eclipse.m2e.maven.runtime_3.9.900.20250220-2013\jars\maven-embedder-3.9.9.jar
2025-09-09 23:37:38,547 [Worker-21: Launching nopcommerce] INFO  o.eclipse.m2e.core.internal.Bundles - 	Entry: C:\Users\anant\.p2\pool\plugins\org.eclipse.m2e.maven.runtime_3.9.900.20250220-2013\jars\maven-model-3.9.9.jar
2025-09-09 23:37:38,547 [Worker-21: Launching nopcommerce] INFO  o.eclipse.m2e.core.internal.Bundles - 	Entry: C:\Users\anant\.p2\pool\plugins\org.eclipse.m2e.maven.runtime_3.9.900.20250220-2013\jars\maven-model-builder-3.9.9.jar
2025-09-09 23:37:38,547 [Worker-21: Launching nopcommerce] INFO  o.eclipse.m2e.core.internal.Bundles - 	Entry: C:\Users\anant\.p2\pool\plugins\org.eclipse.m2e.maven.runtime_3.9.900.20250220-2013\jars\maven-plugin-api-3.9.9.jar
2025-09-09 23:37:38,547 [Worker-21: Launching nopcommerce] INFO  o.eclipse.m2e.core.internal.Bundles - 	Entry: C:\Users\anant\.p2\pool\plugins\org.eclipse.m2e.maven.runtime_3.9.900.20250220-2013\jars\maven-repository-metadata-3.9.9.jar
2025-09-09 23:37:38,547 [Worker-21: Launching nopcommerce] INFO  o.eclipse.m2e.core.internal.Bundles - 	Entry: C:\Users\anant\.p2\pool\plugins\org.eclipse.m2e.maven.runtime_3.9.900.20250220-2013\jars\maven-resolver-api-1.9.22.jar
2025-09-09 23:37:38,548 [Worker-21: Launching nopcommerce] INFO  o.eclipse.m2e.core.internal.Bundles - 	Entry: C:\Users\anant\.p2\pool\plugins\org.eclipse.m2e.maven.runtime_3.9.900.20250220-2013\jars\maven-resolver-connector-basic-1.9.22.jar
2025-09-09 23:37:38,548 [Worker-21: Launching nopcommerce] INFO  o.eclipse.m2e.core.internal.Bundles - 	Entry: C:\Users\anant\.p2\pool\plugins\org.eclipse.m2e.maven.runtime_3.9.900.20250220-2013\jars\maven-resolver-impl-1.9.22.jar
2025-09-09 23:37:38,548 [Worker-21: Launching nopcommerce] INFO  o.eclipse.m2e.core.internal.Bundles - 	Entry: C:\Users\anant\.p2\pool\plugins\org.eclipse.m2e.maven.runtime_3.9.900.20250220-2013\jars\maven-resolver-named-locks-1.9.22.jar
2025-09-09 23:37:38,548 [Worker-21: Launching nopcommerce] INFO  o.eclipse.m2e.core.internal.Bundles - 	Entry: C:\Users\anant\.p2\pool\plugins\org.eclipse.m2e.maven.runtime_3.9.900.20250220-2013\jars\maven-resolver-provider-3.9.9.jar
2025-09-09 23:37:38,548 [Worker-21: Launching nopcommerce] INFO  o.eclipse.m2e.core.internal.Bundles - 	Entry: C:\Users\anant\.p2\pool\plugins\org.eclipse.m2e.maven.runtime_3.9.900.20250220-2013\jars\maven-resolver-spi-1.9.22.jar
2025-09-09 23:37:38,548 [Worker-21: Launching nopcommerce] INFO  o.eclipse.m2e.core.internal.Bundles - 	Entry: C:\Users\anant\.p2\pool\plugins\org.eclipse.m2e.maven.runtime_3.9.900.20250220-2013\jars\maven-resolver-transport-file-1.9.22.jar
2025-09-09 23:37:38,548 [Worker-21: Launching nopcommerce] INFO  o.eclipse.m2e.core.internal.Bundles - 	Entry: C:\Users\anant\.p2\pool\plugins\org.eclipse.m2e.maven.runtime_3.9.900.20250220-2013\jars\maven-resolver-transport-http-1.9.22.jar
2025-09-09 23:37:38,548 [Worker-21: Launching nopcommerce] INFO  o.eclipse.m2e.core.internal.Bundles - 	Entry: C:\Users\anant\.p2\pool\plugins\org.eclipse.m2e.maven.runtime_3.9.900.20250220-2013\jars\maven-resolver-transport-wagon-1.9.22.jar
2025-09-09 23:37:38,548 [Worker-21: Launching nopcommerce] INFO  o.eclipse.m2e.core.internal.Bundles - 	Entry: C:\Users\anant\.p2\pool\plugins\org.eclipse.m2e.maven.runtime_3.9.900.20250220-2013\jars\maven-resolver-util-1.9.22.jar
2025-09-09 23:37:38,549 [Worker-21: Launching nopcommerce] INFO  o.eclipse.m2e.core.internal.Bundles - 	Entry: C:\Users\anant\.p2\pool\plugins\org.eclipse.m2e.maven.runtime_3.9.900.20250220-2013\jars\maven-settings-3.9.9.jar
2025-09-09 23:37:38,549 [Worker-21: Launching nopcommerce] INFO  o.eclipse.m2e.core.internal.Bundles - 	Entry: C:\Users\anant\.p2\pool\plugins\org.eclipse.m2e.maven.runtime_3.9.900.20250220-2013\jars\maven-settings-builder-3.9.9.jar
2025-09-09 23:37:38,549 [Worker-21: Launching nopcommerce] INFO  o.eclipse.m2e.core.internal.Bundles - 	Entry: C:\Users\anant\.p2\pool\plugins\org.eclipse.m2e.maven.runtime_3.9.900.20250220-2013\jars\maven-shared-utils-3.4.2.jar
2025-09-09 23:37:38,549 [Worker-21: Launching nopcommerce] INFO  o.eclipse.m2e.core.internal.Bundles - 	Entry: C:\Users\anant\.p2\pool\plugins\org.eclipse.m2e.maven.runtime_3.9.900.20250220-2013\jars\org.eclipse.sisu.inject-0.9.0.M3.jar
2025-09-09 23:37:38,549 [Worker-21: Launching nopcommerce] INFO  o.eclipse.m2e.core.internal.Bundles - 	Entry: C:\Users\anant\.p2\pool\plugins\org.eclipse.m2e.maven.runtime_3.9.900.20250220-2013\jars\org.eclipse.sisu.plexus-0.9.0.M3.jar
2025-09-09 23:37:38,549 [Worker-21: Launching nopcommerce] INFO  o.eclipse.m2e.core.internal.Bundles - 	Entry: C:\Users\anant\.p2\pool\plugins\org.eclipse.m2e.maven.runtime_3.9.900.20250220-2013\jars\plexus-build-api-0.0.7.jar
2025-09-09 23:37:38,549 [Worker-21: Launching nopcommerce] INFO  o.eclipse.m2e.core.internal.Bundles - 	Entry: C:\Users\anant\.p2\pool\plugins\org.eclipse.m2e.maven.runtime_3.9.900.20250220-2013\jars\plexus-build-api-1.2.0.jar
2025-09-09 23:37:38,549 [Worker-21: Launching nopcommerce] INFO  o.eclipse.m2e.core.internal.Bundles - 	Entry: C:\Users\anant\.p2\pool\plugins\org.eclipse.m2e.maven.runtime_3.9.900.20250220-2013\jars\plexus-cipher-2.0.jar
2025-09-09 23:37:38,549 [Worker-21: Launching nopcommerce] INFO  o.eclipse.m2e.core.internal.Bundles - 	Entry: C:\Users\anant\.p2\pool\plugins\org.eclipse.m2e.maven.runtime_3.9.900.20250220-2013\jars\plexus-classworlds-2.8.0.jar
2025-09-09 23:37:38,550 [Worker-21: Launching nopcommerce] INFO  o.eclipse.m2e.core.internal.Bundles - 	Entry: C:\Users\anant\.p2\pool\plugins\org.eclipse.m2e.maven.runtime_3.9.900.20250220-2013\jars\plexus-component-annotations-2.1.0.jar
2025-09-09 23:37:38,550 [Worker-21: Launching nopcommerce] INFO  o.eclipse.m2e.core.internal.Bundles - 	Entry: C:\Users\anant\.p2\pool\plugins\org.eclipse.m2e.maven.runtime_3.9.900.20250220-2013\jars\plexus-interpolation-1.27.jar
2025-09-09 23:37:38,550 [Worker-21: Launching nopcommerce] INFO  o.eclipse.m2e.core.internal.Bundles - 	Entry: C:\Users\anant\.p2\pool\plugins\org.eclipse.m2e.maven.runtime_3.9.900.20250220-2013\jars\plexus-sec-dispatcher-2.0.jar
2025-09-09 23:37:38,550 [Worker-21: Launching nopcommerce] INFO  o.eclipse.m2e.core.internal.Bundles - 	Entry: C:\Users\anant\.p2\pool\plugins\org.eclipse.m2e.maven.runtime_3.9.900.20250220-2013\jars\plexus-utils-3.5.1.jar
2025-09-09 23:37:38,550 [Worker-21: Launching nopcommerce] INFO  o.eclipse.m2e.core.internal.Bundles - 	Entry: C:\Users\anant\.p2\pool\plugins\org.eclipse.m2e.maven.runtime_3.9.900.20250220-2013\jars\plexus-xml-3.0.1.jar
2025-09-09 23:37:38,550 [Worker-21: Launching nopcommerce] INFO  o.eclipse.m2e.core.internal.Bundles - 	Entry: C:\Users\anant\.p2\pool\plugins\org.eclipse.m2e.maven.runtime_3.9.900.20250220-2013\jars\wagon-file-3.5.3.jar
2025-09-09 23:37:38,550 [Worker-21: Launching nopcommerce] INFO  o.eclipse.m2e.core.internal.Bundles - 	Entry: C:\Users\anant\.p2\pool\plugins\org.eclipse.m2e.maven.runtime_3.9.900.20250220-2013\jars\wagon-http-3.5.3.jar
2025-09-09 23:37:38,550 [Worker-21: Launching nopcommerce] INFO  o.eclipse.m2e.core.internal.Bundles - 	Entry: C:\Users\anant\.p2\pool\plugins\org.eclipse.m2e.maven.runtime_3.9.900.20250220-2013\jars\wagon-http-shared-3.5.3.jar
2025-09-09 23:37:38,551 [Worker-21: Launching nopcommerce] INFO  o.eclipse.m2e.core.internal.Bundles - 	Entry: C:\Users\anant\.p2\pool\plugins\org.eclipse.m2e.maven.runtime_3.9.900.20250220-2013\jars\wagon-provider-api-3.5.3.jar
2025-09-09 23:37:38,552 [Worker-21: Launching nopcommerce] INFO  o.eclipse.m2e.core.internal.Bundles - getClasspathEntries(Bundle=com.google.guava_33.4.8.jre [13])
2025-09-09 23:37:38,552 [Worker-21: Launching nopcommerce] INFO  o.eclipse.m2e.core.internal.Bundles - 	Entry: C:\Users\anant\.p2\pool\plugins\com.google.guava_33.4.8.jre.jar
2025-09-09 23:37:38,552 [Worker-21: Launching nopcommerce] INFO  o.eclipse.m2e.core.internal.Bundles - getClasspathEntries(Bundle=slf4j.api_2.0.17 [522])
2025-09-09 23:37:38,552 [Worker-21: Launching nopcommerce] INFO  o.eclipse.m2e.core.internal.Bundles - 	Entry: C:\Users\anant\.p2\pool\plugins\slf4j.api_2.0.17.jar
2025-09-09 23:37:38,552 [Worker-21: Launching nopcommerce] INFO  o.eclipse.m2e.core.internal.Bundles - getClasspathEntries(Bundle=jakarta.inject.jakarta.inject-api_1.0.5 [24])
2025-09-09 23:37:38,553 [Worker-21: Launching nopcommerce] INFO  o.eclipse.m2e.core.internal.Bundles - 	Entry: C:\Users\anant\.p2\pool\plugins\jakarta.inject.jakarta.inject-api_1.0.5.jar
2025-09-09 23:37:38,553 [Worker-21: Launching nopcommerce] INFO  o.eclipse.m2e.core.internal.Bundles - getClasspathEntries(Bundle=javax.annotation_1.3.5.v20200909-1856 [27])
2025-09-09 23:37:38,553 [Worker-21: Launching nopcommerce] INFO  o.eclipse.m2e.core.internal.Bundles - 	Entry: C:\Users\anant\.p2\pool\plugins\javax.annotation_1.3.5.v20200909-1856.jar
2025-09-09 23:37:38,553 [Worker-21: Launching nopcommerce] INFO  o.eclipse.m2e.core.internal.Bundles - getClasspathEntries(Bundle=org.apache.commons.cli_1.9.0 [49])
2025-09-09 23:37:38,553 [Worker-21: Launching nopcommerce] INFO  o.eclipse.m2e.core.internal.Bundles - 	Entry: C:\Users\anant\.p2\pool\plugins\org.apache.commons.cli_1.9.0.jar
2025-09-09 23:37:38,553 [Worker-21: Launching nopcommerce] INFO  o.eclipse.m2e.core.internal.Bundles - getClasspathEntries(Bundle=org.apache.commons.commons-codec_1.16.0 [50])
2025-09-09 23:37:38,554 [Worker-21: Launching nopcommerce] INFO  o.eclipse.m2e.core.internal.Bundles - 	Entry: C:\Users\anant\.p2\pool\plugins\org.apache.commons.commons-codec_1.16.0.jar
2025-09-09 23:37:38,554 [Worker-21: Launching nopcommerce] INFO  o.eclipse.m2e.core.internal.Bundles - getClasspathEntries(Bundle=com.google.guava.failureaccess_1.0.3 [14])
2025-09-09 23:37:38,554 [Worker-21: Launching nopcommerce] INFO  o.eclipse.m2e.core.internal.Bundles - 	Entry: C:\Users\anant\.p2\pool\plugins\com.google.guava.failureaccess_1.0.3.jar
2025-09-09 23:37:38,560 [Worker-21: Launching nopcommerce] INFO  o.e.m.i.launch.MavenLaunchDelegate - Run build in "C:\Users\anant\OneDrive\Documents\nopcommerce\nopcommerce":
2025-09-09 23:37:38,567 [Worker-21: Launching nopcommerce] INFO  o.e.m.i.launch.MavenLaunchDelegate -  mvn  -B -Dstyle.color=always 
2025-09-09 23:38:04,082 [Worker-19: Launching nopcommerce] INFO  o.eclipse.m2e.core.internal.Bundles - getClasspathEntries(Bundle=org.eclipse.m2e.maven.runtime_3.9.900.20250220-2013 [299])
2025-09-09 23:38:04,083 [Worker-19: Launching nopcommerce] INFO  o.eclipse.m2e.core.internal.Bundles - 	Entry: C:\Users\anant\.p2\pool\plugins\org.eclipse.m2e.maven.runtime_3.9.900.20250220-2013
2025-09-09 23:38:04,083 [Worker-19: Launching nopcommerce] INFO  o.eclipse.m2e.core.internal.Bundles - 	Entry: C:\Users\anant\.p2\pool\plugins\org.eclipse.m2e.maven.runtime_3.9.900.20250220-2013\jars\aopalliance-1.0.jar
2025-09-09 23:38:04,083 [Worker-19: Launching nopcommerce] INFO  o.eclipse.m2e.core.internal.Bundles - 	Entry: C:\Users\anant\.p2\pool\plugins\org.eclipse.m2e.maven.runtime_3.9.900.20250220-2013\jars\guice-5.1.0.jar
2025-09-09 23:38:04,083 [Worker-19: Launching nopcommerce] INFO  o.eclipse.m2e.core.internal.Bundles - 	Entry: C:\Users\anant\.p2\pool\plugins\org.eclipse.m2e.maven.runtime_3.9.900.20250220-2013\jars\httpclient-4.5.14.jar
2025-09-09 23:38:04,083 [Worker-19: Launching nopcommerce] INFO  o.eclipse.m2e.core.internal.Bundles - 	Entry: C:\Users\anant\.p2\pool\plugins\org.eclipse.m2e.maven.runtime_3.9.900.20250220-2013\jars\httpcore-4.4.16.jar
2025-09-09 23:38:04,084 [Worker-19: Launching nopcommerce] INFO  o.eclipse.m2e.core.internal.Bundles - 	Entry: C:\Users\anant\.p2\pool\plugins\org.eclipse.m2e.maven.runtime_3.9.900.20250220-2013\jars\jansi-2.4.1.jar
2025-09-09 23:38:04,084 [Worker-19: Launching nopcommerce] INFO  o.eclipse.m2e.core.internal.Bundles - 	Entry: C:\Users\anant\.p2\pool\plugins\org.eclipse.m2e.maven.runtime_3.9.900.20250220-2013\jars\jcl-over-slf4j-1.7.36.jar
2025-09-09 23:38:04,084 [Worker-19: Launching nopcommerce] INFO  o.eclipse.m2e.core.internal.Bundles - 	Entry: C:\Users\anant\.p2\pool\plugins\org.eclipse.m2e.maven.runtime_3.9.900.20250220-2013\jars\maven-artifact-3.9.9.jar
2025-09-09 23:38:04,084 [Worker-19: Launching nopcommerce] INFO  o.eclipse.m2e.core.internal.Bundles - 	Entry: C:\Users\anant\.p2\pool\plugins\org.eclipse.m2e.maven.runtime_3.9.900.20250220-2013\jars\maven-builder-support-3.9.9.jar
2025-09-09 23:38:04,084 [Worker-19: Launching nopcommerce] INFO  o.eclipse.m2e.core.internal.Bundles - 	Entry: C:\Users\anant\.p2\pool\plugins\org.eclipse.m2e.maven.runtime_3.9.900.20250220-2013\jars\maven-compat-3.9.9.jar
2025-09-09 23:38:04,084 [Worker-19: Launching nopcommerce] INFO  o.eclipse.m2e.core.internal.Bundles - 	Entry: C:\Users\anant\.p2\pool\plugins\org.eclipse.m2e.maven.runtime_3.9.900.20250220-2013\jars\maven-core-3.9.9.jar
2025-09-09 23:38:04,084 [Worker-19: Launching nopcommerce] INFO  o.eclipse.m2e.core.internal.Bundles - 	Entry: C:\Users\anant\.p2\pool\plugins\org.eclipse.m2e.maven.runtime_3.9.900.20250220-2013\jars\maven-embedder-3.9.9.jar
2025-09-09 23:38:04,084 [Worker-19: Launching nopcommerce] INFO  o.eclipse.m2e.core.internal.Bundles - 	Entry: C:\Users\anant\.p2\pool\plugins\org.eclipse.m2e.maven.runtime_3.9.900.20250220-2013\jars\maven-model-3.9.9.jar
2025-09-09 23:38:04,085 [Worker-19: Launching nopcommerce] INFO  o.eclipse.m2e.core.internal.Bundles - 	Entry: C:\Users\anant\.p2\pool\plugins\org.eclipse.m2e.maven.runtime_3.9.900.20250220-2013\jars\maven-model-builder-3.9.9.jar
2025-09-09 23:38:04,085 [Worker-19: Launching nopcommerce] INFO  o.eclipse.m2e.core.internal.Bundles - 	Entry: C:\Users\anant\.p2\pool\plugins\org.eclipse.m2e.maven.runtime_3.9.900.20250220-2013\jars\maven-plugin-api-3.9.9.jar
2025-09-09 23:38:04,085 [Worker-19: Launching nopcommerce] INFO  o.eclipse.m2e.core.internal.Bundles - 	Entry: C:\Users\anant\.p2\pool\plugins\org.eclipse.m2e.maven.runtime_3.9.900.20250220-2013\jars\maven-repository-metadata-3.9.9.jar
2025-09-09 23:38:04,085 [Worker-19: Launching nopcommerce] INFO  o.eclipse.m2e.core.internal.Bundles - 	Entry: C:\Users\anant\.p2\pool\plugins\org.eclipse.m2e.maven.runtime_3.9.900.20250220-2013\jars\maven-resolver-api-1.9.22.jar
2025-09-09 23:38:04,085 [Worker-19: Launching nopcommerce] INFO  o.eclipse.m2e.core.internal.Bundles - 	Entry: C:\Users\anant\.p2\pool\plugins\org.eclipse.m2e.maven.runtime_3.9.900.20250220-2013\jars\maven-resolver-connector-basic-1.9.22.jar
2025-09-09 23:38:04,085 [Worker-19: Launching nopcommerce] INFO  o.eclipse.m2e.core.internal.Bundles - 	Entry: C:\Users\anant\.p2\pool\plugins\org.eclipse.m2e.maven.runtime_3.9.900.20250220-2013\jars\maven-resolver-impl-1.9.22.jar
2025-09-09 23:38:04,085 [Worker-19: Launching nopcommerce] INFO  o.eclipse.m2e.core.internal.Bundles - 	Entry: C:\Users\anant\.p2\pool\plugins\org.eclipse.m2e.maven.runtime_3.9.900.20250220-2013\jars\maven-resolver-named-locks-1.9.22.jar
2025-09-09 23:38:04,085 [Worker-19: Launching nopcommerce] INFO  o.eclipse.m2e.core.internal.Bundles - 	Entry: C:\Users\anant\.p2\pool\plugins\org.eclipse.m2e.maven.runtime_3.9.900.20250220-2013\jars\maven-resolver-provider-3.9.9.jar
2025-09-09 23:38:04,085 [Worker-19: Launching nopcommerce] INFO  o.eclipse.m2e.core.internal.Bundles - 	Entry: C:\Users\anant\.p2\pool\plugins\org.eclipse.m2e.maven.runtime_3.9.900.20250220-2013\jars\maven-resolver-spi-1.9.22.jar
2025-09-09 23:38:04,086 [Worker-19: Launching nopcommerce] INFO  o.eclipse.m2e.core.internal.Bundles - 	Entry: C:\Users\anant\.p2\pool\plugins\org.eclipse.m2e.maven.runtime_3.9.900.20250220-2013\jars\maven-resolver-transport-file-1.9.22.jar
2025-09-09 23:38:04,086 [Worker-19: Launching nopcommerce] INFO  o.eclipse.m2e.core.internal.Bundles - 	Entry: C:\Users\anant\.p2\pool\plugins\org.eclipse.m2e.maven.runtime_3.9.900.20250220-2013\jars\maven-resolver-transport-http-1.9.22.jar
2025-09-09 23:38:04,086 [Worker-19: Launching nopcommerce] INFO  o.eclipse.m2e.core.internal.Bundles - 	Entry: C:\Users\anant\.p2\pool\plugins\org.eclipse.m2e.maven.runtime_3.9.900.20250220-2013\jars\maven-resolver-transport-wagon-1.9.22.jar
2025-09-09 23:38:04,086 [Worker-19: Launching nopcommerce] INFO  o.eclipse.m2e.core.internal.Bundles - 	Entry: C:\Users\anant\.p2\pool\plugins\org.eclipse.m2e.maven.runtime_3.9.900.20250220-2013\jars\maven-resolver-util-1.9.22.jar
2025-09-09 23:38:04,086 [Worker-19: Launching nopcommerce] INFO  o.eclipse.m2e.core.internal.Bundles - 	Entry: C:\Users\anant\.p2\pool\plugins\org.eclipse.m2e.maven.runtime_3.9.900.20250220-2013\jars\maven-settings-3.9.9.jar
2025-09-09 23:38:04,086 [Worker-19: Launching nopcommerce] INFO  o.eclipse.m2e.core.internal.Bundles - 	Entry: C:\Users\anant\.p2\pool\plugins\org.eclipse.m2e.maven.runtime_3.9.900.20250220-2013\jars\maven-settings-builder-3.9.9.jar
2025-09-09 23:38:04,086 [Worker-19: Launching nopcommerce] INFO  o.eclipse.m2e.core.internal.Bundles - 	Entry: C:\Users\anant\.p2\pool\plugins\org.eclipse.m2e.maven.runtime_3.9.900.20250220-2013\jars\maven-shared-utils-3.4.2.jar
2025-09-09 23:38:04,086 [Worker-19: Launching nopcommerce] INFO  o.eclipse.m2e.core.internal.Bundles - 	Entry: C:\Users\anant\.p2\pool\plugins\org.eclipse.m2e.maven.runtime_3.9.900.20250220-2013\jars\org.eclipse.sisu.inject-0.9.0.M3.jar
2025-09-09 23:38:04,086 [Worker-19: Launching nopcommerce] INFO  o.eclipse.m2e.core.internal.Bundles - 	Entry: C:\Users\anant\.p2\pool\plugins\org.eclipse.m2e.maven.runtime_3.9.900.20250220-2013\jars\org.eclipse.sisu.plexus-0.9.0.M3.jar
2025-09-09 23:38:04,087 [Worker-19: Launching nopcommerce] INFO  o.eclipse.m2e.core.internal.Bundles - 	Entry: C:\Users\anant\.p2\pool\plugins\org.eclipse.m2e.maven.runtime_3.9.900.20250220-2013\jars\plexus-build-api-0.0.7.jar
2025-09-09 23:38:04,087 [Worker-19: Launching nopcommerce] INFO  o.eclipse.m2e.core.internal.Bundles - 	Entry: C:\Users\anant\.p2\pool\plugins\org.eclipse.m2e.maven.runtime_3.9.900.20250220-2013\jars\plexus-build-api-1.2.0.jar
2025-09-09 23:38:04,087 [Worker-19: Launching nopcommerce] INFO  o.eclipse.m2e.core.internal.Bundles - 	Entry: C:\Users\anant\.p2\pool\plugins\org.eclipse.m2e.maven.runtime_3.9.900.20250220-2013\jars\plexus-cipher-2.0.jar
2025-09-09 23:38:04,087 [Worker-19: Launching nopcommerce] INFO  o.eclipse.m2e.core.internal.Bundles - 	Entry: C:\Users\anant\.p2\pool\plugins\org.eclipse.m2e.maven.runtime_3.9.900.20250220-2013\jars\plexus-classworlds-2.8.0.jar
2025-09-09 23:38:04,087 [Worker-19: Launching nopcommerce] INFO  o.eclipse.m2e.core.internal.Bundles - 	Entry: C:\Users\anant\.p2\pool\plugins\org.eclipse.m2e.maven.runtime_3.9.900.20250220-2013\jars\plexus-component-annotations-2.1.0.jar
2025-09-09 23:38:04,087 [Worker-19: Launching nopcommerce] INFO  o.eclipse.m2e.core.internal.Bundles - 	Entry: C:\Users\anant\.p2\pool\plugins\org.eclipse.m2e.maven.runtime_3.9.900.20250220-2013\jars\plexus-interpolation-1.27.jar
2025-09-09 23:38:04,087 [Worker-19: Launching nopcommerce] INFO  o.eclipse.m2e.core.internal.Bundles - 	Entry: C:\Users\anant\.p2\pool\plugins\org.eclipse.m2e.maven.runtime_3.9.900.20250220-2013\jars\plexus-sec-dispatcher-2.0.jar
2025-09-09 23:38:04,089 [Worker-19: Launching nopcommerce] INFO  o.eclipse.m2e.core.internal.Bundles - 	Entry: C:\Users\anant\.p2\pool\plugins\org.eclipse.m2e.maven.runtime_3.9.900.20250220-2013\jars\plexus-utils-3.5.1.jar
2025-09-09 23:38:04,089 [Worker-19: Launching nopcommerce] INFO  o.eclipse.m2e.core.internal.Bundles - 	Entry: C:\Users\anant\.p2\pool\plugins\org.eclipse.m2e.maven.runtime_3.9.900.20250220-2013\jars\plexus-xml-3.0.1.jar
2025-09-09 23:38:04,089 [Worker-19: Launching nopcommerce] INFO  o.eclipse.m2e.core.internal.Bundles - 	Entry: C:\Users\anant\.p2\pool\plugins\org.eclipse.m2e.maven.runtime_3.9.900.20250220-2013\jars\wagon-file-3.5.3.jar
2025-09-09 23:38:04,089 [Worker-19: Launching nopcommerce] INFO  o.eclipse.m2e.core.internal.Bundles - 	Entry: C:\Users\anant\.p2\pool\plugins\org.eclipse.m2e.maven.runtime_3.9.900.20250220-2013\jars\wagon-http-3.5.3.jar
2025-09-09 23:38:04,089 [Worker-19: Launching nopcommerce] INFO  o.eclipse.m2e.core.internal.Bundles - 	Entry: C:\Users\anant\.p2\pool\plugins\org.eclipse.m2e.maven.runtime_3.9.900.20250220-2013\jars\wagon-http-shared-3.5.3.jar
2025-09-09 23:38:04,089 [Worker-19: Launching nopcommerce] INFO  o.eclipse.m2e.core.internal.Bundles - 	Entry: C:\Users\anant\.p2\pool\plugins\org.eclipse.m2e.maven.runtime_3.9.900.20250220-2013\jars\wagon-provider-api-3.5.3.jar
2025-09-09 23:38:04,090 [Worker-19: Launching nopcommerce] INFO  o.eclipse.m2e.core.internal.Bundles - getClasspathEntries(Bundle=com.google.guava_33.4.8.jre [13])
2025-09-09 23:38:04,090 [Worker-19: Launching nopcommerce] INFO  o.eclipse.m2e.core.internal.Bundles - 	Entry: C:\Users\anant\.p2\pool\plugins\com.google.guava_33.4.8.jre.jar
2025-09-09 23:38:04,091 [Worker-19: Launching nopcommerce] INFO  o.eclipse.m2e.core.internal.Bundles - getClasspathEntries(Bundle=slf4j.api_2.0.17 [522])
2025-09-09 23:38:04,091 [Worker-19: Launching nopcommerce] INFO  o.eclipse.m2e.core.internal.Bundles - 	Entry: C:\Users\anant\.p2\pool\plugins\slf4j.api_2.0.17.jar
2025-09-09 23:38:04,091 [Worker-19: Launching nopcommerce] INFO  o.eclipse.m2e.core.internal.Bundles - getClasspathEntries(Bundle=jakarta.inject.jakarta.inject-api_1.0.5 [24])
2025-09-09 23:38:04,091 [Worker-19: Launching nopcommerce] INFO  o.eclipse.m2e.core.internal.Bundles - 	Entry: C:\Users\anant\.p2\pool\plugins\jakarta.inject.jakarta.inject-api_1.0.5.jar
2025-09-09 23:38:04,091 [Worker-19: Launching nopcommerce] INFO  o.eclipse.m2e.core.internal.Bundles - getClasspathEntries(Bundle=javax.annotation_1.3.5.v20200909-1856 [27])
2025-09-09 23:38:04,091 [Worker-19: Launching nopcommerce] INFO  o.eclipse.m2e.core.internal.Bundles - 	Entry: C:\Users\anant\.p2\pool\plugins\javax.annotation_1.3.5.v20200909-1856.jar
2025-09-09 23:38:04,091 [Worker-19: Launching nopcommerce] INFO  o.eclipse.m2e.core.internal.Bundles - getClasspathEntries(Bundle=org.apache.commons.cli_1.9.0 [49])
2025-09-09 23:38:04,092 [Worker-19: Launching nopcommerce] INFO  o.eclipse.m2e.core.internal.Bundles - 	Entry: C:\Users\anant\.p2\pool\plugins\org.apache.commons.cli_1.9.0.jar
2025-09-09 23:38:04,092 [Worker-19: Launching nopcommerce] INFO  o.eclipse.m2e.core.internal.Bundles - getClasspathEntries(Bundle=org.apache.commons.commons-codec_1.16.0 [50])
2025-09-09 23:38:04,092 [Worker-19: Launching nopcommerce] INFO  o.eclipse.m2e.core.internal.Bundles - 	Entry: C:\Users\anant\.p2\pool\plugins\org.apache.commons.commons-codec_1.16.0.jar
2025-09-09 23:38:04,092 [Worker-19: Launching nopcommerce] INFO  o.eclipse.m2e.core.internal.Bundles - getClasspathEntries(Bundle=com.google.guava.failureaccess_1.0.3 [14])
2025-09-09 23:38:04,092 [Worker-19: Launching nopcommerce] INFO  o.eclipse.m2e.core.internal.Bundles - 	Entry: C:\Users\anant\.p2\pool\plugins\com.google.guava.failureaccess_1.0.3.jar
2025-09-09 23:38:04,093 [Worker-19: Launching nopcommerce] INFO  o.e.m.i.launch.MavenLaunchDelegate - Run build in "C:\Users\anant\OneDrive\Documents\nopcommerce\nopcommerce":
2025-09-09 23:38:04,093 [Worker-19: Launching nopcommerce] INFO  o.e.m.i.launch.MavenLaunchDelegate -  mvn  -B -Dstyle.color=always 
2025-09-09 23:38:04,093 [Worker-19: Launching nopcommerce] WARN  o.e.m.i.l.MavenLaunchExtensionsSupport - Unknown or unsupported source locator org.eclipse.jdt.internal.launching.sourcelookup.advanced.AdvancedSourceLookupDirector
2025-09-09 23:41:26,027 [Worker-21: Updating Maven Project] INFO  o.e.m.c.i.p.ProjectConfigurationManager - Update started
2025-09-09 23:41:26,354 [Worker-21: Updating Maven Project] INFO  o.e.m.c.i.l.LifecycleMappingFactory - Using org.eclipse.m2e.jdt.JarLifecycleMapping lifecycle mapping for MavenProject: com.testautomation:nopcommerce-ui-automation:1.0.0 @ C:\Users\anant\OneDrive\Documents\nopcommerce\nopcommerce\pom.xml.
2025-09-09 23:41:27,445 [Worker-21: Updating Maven Project] INFO  o.e.m.j.i.AbstractJavaProjectConfigurator - Adding source folder /nopcommerce/src/main/java
2025-09-09 23:41:27,448 [Worker-21: Updating Maven Project] INFO  o.e.m.j.i.AbstractJavaProjectConfigurator - Adding resource folder /nopcommerce/src/main/resources
2025-09-09 23:41:27,465 [Worker-21: Updating Maven Project] INFO  o.e.m.j.i.AbstractJavaProjectConfigurator - Adding source folder /nopcommerce/src/test/java
2025-09-09 23:41:27,466 [Worker-21: Updating Maven Project] INFO  o.e.m.j.i.AbstractJavaProjectConfigurator - Adding resource folder /nopcommerce/src/test/resources
2025-09-09 23:41:27,862 [Worker-21: Updating Maven Project] INFO  o.e.m.c.i.p.ProjectConfigurationManager - Update completed for 1 poms: local refresh takes 0.00 sec, refresh facades takes 1.00 sec, update config takes 0.00 sec 
2025-09-09 23:41:28,335 [Worker-27: Building] INFO  o.a.m.s.f.DefaultMavenResourcesFiltering - skip non existing resourceDirectory C:\Users\anant\OneDrive\Documents\nopcommerce\nopcommerce\src\main\resources
2025-09-09 23:41:28,344 [Worker-27: Building] INFO  o.a.m.s.f.DefaultMavenResourcesFiltering - Copying 7 resources from src\test\resources to target\test-classes
